<?xml version="1.0" encoding="UTF-8"?>
<testsuite xmlns:xsi="http://www.w3.org/2001/XMLSchema-instance" xsi:noNamespaceSchemaLocation="https://maven.apache.org/surefire/maven-surefire-plugin/xsd/surefire-test-report.xsd" version="3.0.2" name="com.togofresh.togofresh.ToGoFreshApplicationTests" time="59.989" tests="1" errors="0" skipped="0" failures="0">
  <properties>
[...]
</properties>
  <testcase name="contextLoads" classname="com.togofresh.togofresh.ToGoFreshApplicationTests" time="4.053">
    <system-out><![CDATA[19:51:42.584 [main] INFO org.springframework.test.context.support.AnnotationConfigContextLoaderUtils -- Could not detect default configuration classes for test class [com.togofresh.togofresh.ToGoFreshApplicationTests]: ToGoFreshApplicationTests does not declare any static, non-private, non-final, nested classes annotated with @Configuration.
19:51:43.398 [main] INFO org.springframework.boot.test.context.SpringBootTestContextBootstrapper -- Found @SpringBootConfiguration com.togofresh.togofresh.ToGoFreshApplication for test class com.togofresh.togofresh.ToGoFreshApplicationTests
19:51:44.367 [main] INFO org.springframework.boot.devtools.restart.RestartApplicationListener -- Restart disabled due to context in which it is running

  .   ____          _            __ _ _
 /\\ / ___'_ __ _ _(_)_ __  __ _ \ \ \ \
( ( )\___ | '_ | '_| | '_ \/ _` | \ \ \ \
 \\/  ___)| |_)| | | | | || (_| |  ) ) ) )
  '  |____| .__|_| |_|_| |_\__, | / / / /
 =========|_|==============|___/=/_/_/_/

 :: Spring Boot ::                (v3.4.4)

2025-04-22T19:51:46.450-05:00  INFO 3236 --- [           main] c.t.togofresh.ToGoFreshApplicationTests  : Starting ToGoFreshApplicationTests using Java 23.0.1 with PID 3236 (started by PC in C:\Users\PC\Desktop\REAL_TO_GO_FRESH\to_go_fresh\to_go_fresh)
2025-04-22T19:51:46.461-05:00  INFO 3236 --- [           main] c.t.togofresh.ToGoFreshApplicationTests  : No active profile set, falling back to 1 default profile: "default"
2025-04-22T19:51:51.719-05:00  INFO 3236 --- [           main] .s.d.r.c.RepositoryConfigurationDelegate : Bootstrapping Spring Data JPA repositories in DEFAULT mode.
2025-04-22T19:51:52.186-05:00  INFO 3236 --- [           main] .s.d.r.c.RepositoryConfigurationDelegate : Finished Spring Data repository scanning in 400 ms. Found 4 JPA repository interfaces.
2025-04-22T19:51:55.720-05:00  INFO 3236 --- [           main] o.hibernate.jpa.internal.util.LogHelper  : HHH000204: Processing PersistenceUnitInfo [name: default]
2025-04-22T19:51:56.213-05:00  INFO 3236 --- [           main] org.hibernate.Version                    : HHH000412: Hibernate ORM core version 6.6.11.Final
2025-04-22T19:51:56.961-05:00  INFO 3236 --- [           main] o.h.c.internal.RegionFactoryInitiator    : HHH000026: Second-level cache disabled
2025-04-22T19:52:00.222-05:00  INFO 3236 --- [           main] o.s.o.j.p.SpringPersistenceUnitInfo      : No LoadTimeWeaver setup: ignoring JPA class transformer
2025-04-22T19:52:00.330-05:00  WARN 3236 --- [           main] org.hibernate.orm.deprecation            : HHH90000021: Encountered deprecated setting [hibernate.temp.use_jdbc_metadata_defaults], use [hibernate.boot.allow_jdbc_metadata_access] instead
2025-04-22T19:52:00.465-05:00  WARN 3236 --- [           main] org.hibernate.orm.deprecation            : HHH90000025: PostgreSQLDialect does not need to be specified explicitly using 'hibernate.dialect' (remove the property setting and it will be selected by default)
2025-04-22T19:52:00.571-05:00  INFO 3236 --- [           main] org.hibernate.orm.connections.pooling    : HHH10001005: Database info:
	Database JDBC URL [undefined/unknown]
	Database driver: undefined/unknown
	Database version: 12.0
	Autocommit mode: undefined/unknown
	Isolation level: <unknown>
	Minimum pool size: undefined/unknown
	Maximum pool size: undefined/unknown
2025-04-22T19:52:07.214-05:00  INFO 3236 --- [           main] o.h.e.t.j.p.i.JtaPlatformInitiator       : HHH000489: No JTA platform available (set 'hibernate.transaction.jta.platform' to enable JTA platform integration)
2025-04-22T19:52:07.330-05:00  INFO 3236 --- [           main] com.zaxxer.hikari.HikariDataSource       : HikariPool-1 - Starting...
2025-04-22T19:52:09.212-05:00  INFO 3236 --- [           main] com.zaxxer.hikari.pool.HikariPool        : HikariPool-1 - Added connection org.postgresql.jdbc.PgConnection@6dd1f239
2025-04-22T19:52:09.219-05:00  INFO 3236 --- [           main] com.zaxxer.hikari.HikariDataSource       : HikariPool-1 - Start completed.
2025-04-22T19:52:11.767-05:00  INFO 3236 --- [           main] j.LocalContainerEntityManagerFactoryBean : Initialized JPA EntityManagerFactory for persistence unit 'default'
2025-04-22T19:52:14.147-05:00  INFO 3236 --- [           main] o.s.d.j.r.query.QueryEnhancerFactory     : Hibernate is in classpath; If applicable, HQL parser will be used.
2025-04-22T19:52:22.450-05:00  INFO 3236 --- [           main] f.a.AutowiredAnnotationBeanPostProcessor : Autowired annotation should only be used on methods with parameters: public void com.togofresh.togofresh.service.AuthService.initialize()
2025-04-22T19:52:22.590-05:00 DEBUG 3236 --- [           main] o.s.c.e.PropertySourcesPropertyResolver  : Found key 'jwt.secret' in PropertySource 'environmentProperties' with value of type String
2025-04-22T19:52:22.595-05:00 DEBUG 3236 --- [           main] o.s.c.e.PropertySourcesPropertyResolver  : Found key 'jwt.expiration.ms' in PropertySource 'environmentProperties' with value of type String
2025-04-22T19:52:23.360-05:00  WARN 3236 --- [           main] JpaBaseConfiguration$JpaWebConfiguration : spring.jpa.open-in-view is enabled by default. Therefore, database queries may be performed during view rendering. Explicitly configure spring.jpa.open-in-view to disable this warning
2025-04-22T19:52:23.769-05:00  INFO 3236 --- [           main] r$InitializeUserDetailsManagerConfigurer : Global AuthenticationManager configured with UserDetailsService bean with name customUserDetailsService
2025-04-22T19:52:24.893-05:00  INFO 3236 --- [           main] o.s.b.a.w.s.WelcomePageHandlerMapping    : Adding welcome page: class path resource [static/index.html]
2025-04-22T19:52:26.023-05:00  WARN 3236 --- [           main] thorizationManagerRequestMatcherRegistry : One of the patterns in [/, /index.html, /menu-principal.html, /ventas.html, factura.html, /compras.html, /reportes.html, /usuarios.html, /proveedores.html, /clientes.html, /inventario.html, /productos.html, /error, /favicon.ico, /css/**, /js/**, /images/**, /static/**, /webjars/**, /swagger-ui/**, /v3/api-docs/**, /api/auth/**, /api/public/**, /api/clientes/search, /api/clientes/search, /**/*.html] is missing a leading slash. This is discouraged; please include the leading slash in all your request matcher patterns. In future versions of Spring Security, leaving out the leading slash will result in an exception.
2025-04-22T19:52:28.431-05:00 DEBUG 3236 --- [           main] o.s.s.web.DefaultSecurityFilterChain     : Will secure any request with filters: DisableEncodeUrlFilter, WebAsyncManagerIntegrationFilter, SecurityContextHolderFilter, HeaderWriterFilter, CorsFilter, LogoutFilter, JwtAuthenticationFilter, RequestCacheAwareFilter, SecurityContextHolderAwareRequestFilter, AnonymousAuthenticationFilter, SessionManagementFilter, ExceptionTranslationFilter, AuthorizationFilter
2025-04-22T19:52:32.796-05:00  WARN 3236 --- [           main] ion$DefaultTemplateResolverConfiguration : Cannot find template location: classpath:/templates/ (please add some templates, check your Thymeleaf configuration, or set spring.thymeleaf.check-template-location=false)
2025-04-22T19:52:37.038-05:00  INFO 3236 --- [           main] c.t.togofresh.ToGoFreshApplicationTests  : Started ToGoFreshApplicationTests in 52.737 seconds (process running for 58.815)
]]></system-out>
    <system-err><![CDATA[Mockito is currently self-attaching to enable the inline-mock-maker. This will no longer work in future releases of the JDK. Please add Mockito as an agent to your build what is described in Mockito's documentation: https://javadoc.io/doc/org.mockito/mockito-core/latest/org/mockito/Mockito.html#0.3
WARNING: A Java agent has been loaded dynamically (C:\Users\PC\.m2\repository\net\bytebuddy\byte-buddy-agent\1.15.11\byte-buddy-agent-1.15.11.jar)
WARNING: If a serviceability tool is in use, please run with -XX:+EnableDynamicAgentLoading to hide this warning
WARNING: If a serviceability tool is not in use, please run with -Djdk.instrument.traceUsage for more information
WARNING: Dynamic loading of agents will be disallowed by default in a future release
]]></system-err>
  </testcase>
</testsuite>